<?xml version="1.0" encoding="UTF-8"?>
<testsuite xmlns:xsi="http://www.w3.org/2001/XMLSchema-instance" xsi:noNamespaceSchemaLocation="https://maven.apache.org/surefire/maven-surefire-plugin/xsd/surefire-test-report.xsd" name="regression.TestRunner" time="122.737" tests="42" errors="0" skipped="0" failures="0">
  <properties>
[...]
</properties>
  <testcase name="Given SuperAdmin logedIn" classname="| SuperAdmin |" time="0.003"/>
  <testcase name="And He navigate to Masters screen and selectUsers" classname="| SuperAdmin |" time="0.001"/>
  <testcase name="And He select Edit from action column" classname="| SuperAdmin |" time="0"/>
  <testcase name="When He updates details and select UserType as &quot;SuperAdmin&quot; and click submit." classname="| SuperAdmin |" time="0"/>
  <testcase name="Then All the updated data should be available for the selected user" classname="| SuperAdmin |" time="0"/>
  <testcase name="| SuperAdmin |" classname="| SuperAdmin |" time="0.429"/>
  <testcase name="Given SuperAdmin logedIn" classname="| CallCenter |" time="0"/>
  <testcase name="And He navigate to Masters screen and selectUsers" classname="| CallCenter |" time="0"/>
  <testcase name="And He select Edit from action column" classname="| CallCenter |" time="0"/>
  <testcase name="When He updates details and select UserType as &quot;CallCenter&quot; and click submit." classname="| CallCenter |" time="0"/>
  <testcase name="Then All the updated data should be available for the selected user" classname="| CallCenter |" time="0"/>
  <testcase name="| CallCenter |" classname="| CallCenter |" time="0.396"/>
  <testcase name="Given SuperAdmin logedIn" classname="| LabTechnican |" time="0"/>
  <testcase name="And He navigate to Masters screen and selectUsers" classname="| LabTechnican |" time="0"/>
  <testcase name="And He select Edit from action column" classname="| LabTechnican |" time="0"/>
  <testcase name="When He updates details and select UserType as &quot;LabTechnican&quot; and click submit." classname="| LabTechnican |" time="0.001"/>
  <testcase name="Then All the updated data should be available for the selected user" classname="| LabTechnican |" time="0"/>
  <testcase name="| LabTechnican |" classname="| LabTechnican |" time="0.358"/>
  <testcase name="Given SuperAdmin logedIn" classname="| Admin |" time="0"/>
  <testcase name="And He navigate to Masters screen and selectUsers" classname="| Admin |" time="0.001"/>
  <testcase name="And He select Edit from action column" classname="| Admin |" time="0"/>
  <testcase name="When He updates details and select UserType as &quot;Admin&quot; and click submit." classname="| Admin |" time="0"/>
  <testcase name="Then All the updated data should be available for the selected user" classname="| Admin |" time="0"/>
  <testcase name="| Admin |" classname="| Admin |" time="0.375"/>
  <testcase name="Given SuperAdmin logedIn" classname="| ILDBoy |" time="0"/>
  <testcase name="And He navigate to Masters screen and selectUsers" classname="| ILDBoy |" time="0"/>
  <testcase name="And He select Edit from action column" classname="| ILDBoy |" time="0"/>
  <testcase name="When He updates details and select UserType as &quot;ILDBoy&quot; and click submit." classname="| ILDBoy |" time="0"/>
  <testcase name="Then All the updated data should be available for the selected user" classname="| ILDBoy |" time="0"/>
  <testcase name="| ILDBoy |" classname="| ILDBoy |" time="0.544"/>
  <testcase name="Given SuperAdmin logedIn" classname="| Manager |" time="0"/>
  <testcase name="And He navigate to Masters screen and selectUsers" classname="| Manager |" time="0"/>
  <testcase name="And He select Edit from action column" classname="| Manager |" time="0"/>
  <testcase name="When He updates details and select UserType as &quot;Manager&quot; and click submit." classname="| Manager |" time="0"/>
  <testcase name="Then All the updated data should be available for the selected user" classname="| Manager |" time="0"/>
  <testcase name="| Manager |" classname="| Manager |" time="0.569"/>
  <testcase name="Given SuperAdmin logedIn" classname="Scenario: 2 Verify SuperAdmin can create group test" time="0"/>
  <testcase name="And He navigate to Masters screen and select Group Test" classname="Scenario: 2 Verify SuperAdmin can create group test" time="0.001"/>
  <testcase name="And In GroupTestName select AddNew" classname="Scenario: 2 Verify SuperAdmin can create group test" time="0"/>
  <testcase name="When Add group test name and price and click submit" classname="Scenario: 2 Verify SuperAdmin can create group test" time="0"/>
  <testcase name="Then Group test created successfully" classname="Scenario: 2 Verify SuperAdmin can create group test" time="0"/>
  <testcase name="Scenario: 2 Verify SuperAdmin can create group test" classname="Scenario: 2 Verify SuperAdmin can create group test" time="0.654"/>
</testsuite>